# JRE version: OpenJDK Runtime Environment (8.0_202-b03) (build 1.8.0_202-release-1483-b03)
# Java VM: OpenJDK 64-Bit Server VM (25.202-b03 mixed mode windows-amd64 compressed oops)
Heap:
 PSYoungGen      total 471040K, used 433101K [0x00000000e0000000, 0x00000000ffd80000, 0x0000000100000000)
  eden space 424448K, 99% used [0x00000000e0000000,0x00000000f9e70870,0x00000000f9e80000)
  from space 46592K, 18% used [0x00000000fd000000,0x00000000fd882c08,0x00000000ffd80000)
  to   space 48640K, 79% used [0x00000000f9e80000,0x00000000fc46f980,0x00000000fce00000)
 ParOldGen       total 347136K, used 101777K [0x00000000a0000000, 0x00000000b5300000, 0x00000000e0000000)
  object space 347136K, 29% used [0x00000000a0000000,0x00000000a6364608,0x00000000b5300000)
 Metaspace       used 99316K, capacity 107770K, committed 107980K, reserved 1142784K
  class space    used 12525K, capacity 14194K, committed 14336K, reserved 1048576K
GC Heap History (10 events):
Event: 1319.710 GC heap after
Heap after GC invocations=38 (full 4):
 PSYoungGen      total 481792K, used 8156K [0x00000000e0000000, 0x0000000100000000, 0x0000000100000000)
  eden space 439296K, 0% used [0x00000000e0000000,0x00000000e0000000,0x00000000fad00000)
  from space 42496K, 19% used [0x00000000fd680000,0x00000000fde77308,0x0000000100000000)
  to   space 42496K, 0% used [0x00000000fad00000,0x00000000fad00000,0x00000000fd680000)
 ParOldGen       total 347136K, used 95843K [0x00000000a0000000, 0x00000000b5300000, 0x00000000e0000000)
  object space 347136K, 27% used [0x00000000a0000000,0x00000000a5d98c68,0x00000000b5300000)
 Metaspace       used 95405K, capacity 103228K, committed 103628K, reserved 1138688K
  class space    used 12065K, capacity 13639K, committed 13824K, reserved 1048576K
}
Event: 1320.070 GC heap before
{Heap before GC invocations=39 (full 4):
 PSYoungGen      total 481792K, used 447205K [0x00000000e0000000, 0x0000000100000000, 0x0000000100000000)
  eden space 439296K, 99% used [0x00000000e0000000,0x00000000facc2120,0x00000000fad00000)
  from space 42496K, 19% used [0x00000000fd680000,0x00000000fde77308,0x0000000100000000)
  to   space 42496K, 0% used [0x00000000fad00000,0x00000000fad00000,0x00000000fd680000)
 ParOldGen       total 347136K, used 95843K [0x00000000a0000000, 0x00000000b5300000, 0x00000000e0000000)
  object space 347136K, 27% used [0x00000000a0000000,0x00000000a5d98c68,0x00000000b5300000)
 Metaspace       used 95656K, capacity 103532K, committed 103884K, reserved 1138688K
  class space    used 12073K, capacity 13643K, committed 13824K, reserved 1048576K
Event: 1320.076 GC heap after
Heap after GC invocations=39 (full 4):
 PSYoungGen      total 449536K, used 10010K [0x00000000e0000000, 0x00000000fff00000, 0x0000000100000000)
  eden space 439296K, 0% used [0x00000000e0000000,0x00000000e0000000,0x00000000fad00000)
  from space 10240K, 97% used [0x00000000fad00000,0x00000000fb6c68d0,0x00000000fb700000)
  to   space 41984K, 0% used [0x00000000fd600000,0x00000000fd600000,0x00000000fff00000)
 ParOldGen       total 347136K, used 95875K [0x00000000a0000000, 0x00000000b5300000, 0x00000000e0000000)
  object space 347136K, 27% used [0x00000000a0000000,0x00000000a5da0c68,0x00000000b5300000)
 Metaspace       used 95656K, capacity 103532K, committed 103884K, reserved 1138688K
  class space    used 12073K, capacity 13643K, committed 13824K, reserved 1048576K
}
Event: 1322.332 GC heap before
{Heap before GC invocations=40 (full 4):
 PSYoungGen      total 449536K, used 449306K [0x00000000e0000000, 0x00000000fff00000, 0x0000000100000000)
  eden space 439296K, 100% used [0x00000000e0000000,0x00000000fad00000,0x00000000fad00000)
  from space 10240K, 97% used [0x00000000fad00000,0x00000000fb6c68d0,0x00000000fb700000)
  to   space 41984K, 0% used [0x00000000fd600000,0x00000000fd600000,0x00000000fff00000)
 ParOldGen       total 347136K, used 95875K [0x00000000a0000000, 0x00000000b5300000, 0x00000000e0000000)
  object space 347136K, 27% used [0x00000000a0000000,0x00000000a5da0c68,0x00000000b5300000)
 Metaspace       used 96497K, capacity 104484K, committed 104780K, reserved 1140736K
  class space    used 12147K, capacity 13757K, committed 13952K, reserved 1048576K
Event: 1322.351 GC heap after
Heap after GC invocations=40 (full 4):
 PSYoungGen      total 464896K, used 41979K [0x00000000e0000000, 0x0000000100000000, 0x0000000100000000)
  eden space 422912K, 0% used [0x00000000e0000000,0x00000000e0000000,0x00000000f9d00000)
  from space 41984K, 99% used [0x00000000fd600000,0x00000000ffefed20,0x00000000fff00000)
  to   space 50688K, 0% used [0x00000000f9d00000,0x00000000f9d00000,0x00000000fce80000)
 ParOldGen       total 347136K, used 101721K [0x00000000a0000000, 0x00000000b5300000, 0x00000000e0000000)
  object space 347136K, 29% used [0x00000000a0000000,0x00000000a6356608,0x00000000b5300000)
 Metaspace       used 96497K, capacity 104484K, committed 104780K, reserved 1140736K
  class space    used 12147K, capacity 13757K, committed 13952K, reserved 1048576K
}
Event: 1323.401 GC heap before
{Heap before GC invocations=41 (full 4):
 PSYoungGen      total 464896K, used 464777K [0x00000000e0000000, 0x0000000100000000, 0x0000000100000000)
  eden space 422912K, 99% used [0x00000000e0000000,0x00000000f9ce36e0,0x00000000f9d00000)
  from space 41984K, 99% used [0x00000000fd600000,0x00000000ffefed20,0x00000000fff00000)
  to   space 50688K, 0% used [0x00000000f9d00000,0x00000000f9d00000,0x00000000fce80000)
 ParOldGen       total 347136K, used 101721K [0x00000000a0000000, 0x00000000b5300000, 0x00000000e0000000)
  object space 347136K, 29% used [0x00000000a0000000,0x00000000a6356608,0x00000000b5300000)
 Metaspace       used 97635K, capacity 105880K, committed 106188K, reserved 1140736K
  class space    used 12329K, capacity 13961K, committed 14080K, reserved 1048576K
Event: 1323.410 GC heap after
Heap after GC invocations=41 (full 4):
 PSYoungGen      total 473600K, used 12705K [0x00000000e0000000, 0x0000000100000000, 0x0000000100000000)
  eden space 422912K, 0% used [0x00000000e0000000,0x00000000e0000000,0x00000000f9d00000)
  from space 50688K, 25% used [0x00000000f9d00000,0x00000000fa968428,0x00000000fce80000)
  to   space 49152K, 0% used [0x00000000fd000000,0x00000000fd000000,0x0000000100000000)
 ParOldGen       total 347136K, used 101761K [0x00000000a0000000, 0x00000000b5300000, 0x00000000e0000000)
  object space 347136K, 29% used [0x00000000a0000000,0x00000000a6360608,0x00000000b5300000)
 Metaspace       used 97635K, capacity 105880K, committed 106188K, reserved 1140736K
  class space    used 12329K, capacity 13961K, committed 14080K, reserved 1048576K
}
Event: 4242.090 GC heap before
{Heap before GC invocations=42 (full 4):
 PSYoungGen      total 473600K, used 435614K [0x00000000e0000000, 0x0000000100000000, 0x0000000100000000)
  eden space 422912K, 99% used [0x00000000e0000000,0x00000000f9cff780,0x00000000f9d00000)
  from space 50688K, 25% used [0x00000000f9d00000,0x00000000fa968428,0x00000000fce80000)
  to   space 49152K, 0% used [0x00000000fd000000,0x00000000fd000000,0x0000000100000000)
 ParOldGen       total 347136K, used 101761K [0x00000000a0000000, 0x00000000b5300000, 0x00000000e0000000)
  object space 347136K, 29% used [0x00000000a0000000,0x00000000a6360608,0x00000000b5300000)
 Metaspace       used 98788K, capacity 107210K, committed 107468K, reserved 1142784K
  class space    used 12494K, capacity 14142K, committed 14336K, reserved 1048576K
Event: 4242.125 GC heap after
Heap after GC invocations=42 (full 4):
 PSYoungGen      total 471040K, used 8715K [0x00000000e0000000, 0x00000000ffd80000, 0x0000000100000000)
  eden space 424448K, 0% used [0x00000000e0000000,0x00000000e0000000,0x00000000f9e80000)
  from space 46592K, 18% used [0x00000000fd000000,0x00000000fd882c08,0x00000000ffd80000)
  to   space 48640K, 0% used [0x00000000f9e80000,0x00000000f9e80000,0x00000000fce00000)
 ParOldGen       total 347136K, used 101769K [0x00000000a0000000, 0x00000000b5300000, 0x00000000e0000000)
  object space 347136K, 29% used [0x00000000a0000000,0x00000000a6362608,0x00000000b5300000)
 Metaspace       used 98788K, capacity 107210K, committed 107468K, reserved 1142784K
  class space    used 12494K, capacity 14142K, committed 14336K, reserved 1048576K
}
Event: 6113.927 GC heap before
{Heap before GC invocations=43 (full 4):
 PSYoungGen      total 471040K, used 433101K [0x00000000e0000000, 0x00000000ffd80000, 0x0000000100000000)
  eden space 424448K, 99% used [0x00000000e0000000,0x00000000f9e70870,0x00000000f9e80000)
  from space 46592K, 18% used [0x00000000fd000000,0x00000000fd882c08,0x00000000ffd80000)
  to   space 48640K, 0% used [0x00000000f9e80000,0x00000000f9e80000,0x00000000fce00000)
 ParOldGen       total 347136K, used 101769K [0x00000000a0000000, 0x00000000b5300000, 0x00000000e0000000)
  object space 347136K, 29% used [0x00000000a0000000,0x00000000a6362608,0x00000000b5300000)
 Metaspace       used 99316K, capacity 107770K, committed 107980K, reserved 1142784K
  class space    used 12525K, capacity 14194K, committed 14336K, reserved 1048576K

